0 info it worked if it ends with ok
1 verbose cli [ 'C:\\Program Files\\nodejs\\node.exe',
1 verbose cli   'C:\\Program Files\\nodejs\\node_modules\\npm\\bin\\npm-cli.js',
1 verbose cli   'start' ]
2 info using npm@3.10.9
3 info using node@v7.2.0
4 verbose run-script [ 'prestart', 'start', 'poststart' ]
5 info lifecycle electronrobotjs@1.0.0~prestart: electronrobotjs@1.0.0
6 silly lifecycle electronrobotjs@1.0.0~prestart: no script for prestart, continuing
7 info lifecycle electronrobotjs@1.0.0~start: electronrobotjs@1.0.0
8 verbose lifecycle electronrobotjs@1.0.0~start: unsafe-perm in lifecycle true
9 verbose lifecycle electronrobotjs@1.0.0~start: PATH: C:\Users\tinma\AppData\Roaming\nvm\v7.2.0\node_modules\npm\bin\node-gyp-bin;C:\Users\tinma\Dropbox\electronRobotJS\node_modules\.bin;C:\WINDOWS\system32;C:\WINDOWS;C:\WINDOWS\System32\Wbem;C:\WINDOWS\System32\WindowsPowerShell\v1.0\;C:\WINDOWS\System32\OpenSSH\;C:\Program Files\Git\cmd;C:\Users\tinma\AppData\Roaming\nvm;C:\Program Files\nodejs;C:\Program Files\PuTTY\;C:\Program Files\dotnet\;C:\Program Files\Microsoft SQL Server\130\Tools\Binn\;C:\Program Files (x86)\PDFtk\bin\;C:\Program Files (x86)\PDFtk Server\bin\;C:\Python27;C:\Users\tinma\AppData\Local\Microsoft\WindowsApps;C:\Users\tinma\AppData\Roaming\nvm;C:\Program Files\nodejs;C:\Program Files\MongoDB\Server\3.4\bin;C:\Program Files (x86)\PDFtk\bin\;C:\Program Files (x86)\Microsoft Visual Studio\2017\BuildTools\MSBuild\15.0\Bin;
10 verbose lifecycle electronrobotjs@1.0.0~start: CWD: C:\Users\tinma\Dropbox\electronRobotJS
11 silly lifecycle electronrobotjs@1.0.0~start: Args: [ '/d /s /c', 'electron .' ]
12 silly lifecycle electronrobotjs@1.0.0~start: Returned: code: 3221225786  signal: null
13 info lifecycle electronrobotjs@1.0.0~start: Failed to exec start script
14 verbose stack Error: electronrobotjs@1.0.0 start: `electron .`
14 verbose stack Exit status 3221225786
14 verbose stack     at EventEmitter.<anonymous> (C:\Users\tinma\AppData\Roaming\nvm\v7.2.0\node_modules\npm\lib\utils\lifecycle.js:255:16)
14 verbose stack     at emitTwo (events.js:106:13)
14 verbose stack     at EventEmitter.emit (events.js:191:7)
14 verbose stack     at ChildProcess.<anonymous> (C:\Users\tinma\AppData\Roaming\nvm\v7.2.0\node_modules\npm\lib\utils\spawn.js:40:14)
14 verbose stack     at emitTwo (events.js:106:13)
14 verbose stack     at ChildProcess.emit (events.js:191:7)
14 verbose stack     at maybeClose (internal/child_process.js:885:16)
14 verbose stack     at Process.ChildProcess._handle.onexit (internal/child_process.js:226:5)
15 verbose pkgid electronrobotjs@1.0.0
16 verbose cwd C:\Users\tinma\Dropbox\electronRobotJS
17 error Windows_NT 10.0.17763
18 error argv "C:\\Program Files\\nodejs\\node.exe" "C:\\Program Files\\nodejs\\node_modules\\npm\\bin\\npm-cli.js" "start"
19 error node v7.2.0
20 error npm  v3.10.9
21 error code ELIFECYCLE
22 error electronrobotjs@1.0.0 start: `electron .`
22 error Exit status 3221225786
23 error Failed at the electronrobotjs@1.0.0 start script 'electron .'.
23 error Make sure you have the latest version of node.js and npm installed.
23 error If you do, this is most likely a problem with the electronrobotjs package,
23 error not with npm itself.
23 error Tell the author that this fails on your system:
23 error     electron .
23 error You can get information on how to open an issue for this project with:
23 error     npm bugs electronrobotjs
23 error Or if that isn't available, you can get their info via:
23 error     npm owner ls electronrobotjs
23 error There is likely additional logging output above.
24 verbose exit [ 1, true ]
